[send_event, 1677785378.640178, 2]
[internal_event, 1677785378.640998, 3]
[internal_event, 1677785378.641042, 4]
[internal_event, 1677785379.6421912, 5]
[send_event, 1677785379.64292, 7]
[send_event, 1677785379.642983, 8]
[send_event, 1677785379.643022, 9]
[internal_event, 1677785380.645998, 11]
[internal_event, 1677785380.646262, 12]
[internal_event, 1677785380.6463418, 13]
[send_event, 1677785381.64961, 15]
[send_event, 1677785381.6498828, 16]
[send_event, 1677785381.649923, 17]
[internal_event, 1677785381.6499572, 19]
[internal_event, 1677785382.654328, 20]
[receive_event, 1677785382.6544771, 0, 4017]
[internal_event, 1677785382.6545348, 4018]
[internal_event, 1677785382.6545632, 4019]
[send_event, 1677785383.656728, 4021]
[receive_event, 1677785383.657072, 0, 4024]
[internal_event, 1677785384.660873, 4025]
[send_event, 1677785384.661149, 4027]
[internal_event, 1677785384.66118, 4028]
[internal_event, 1677785384.6612082, 4029]
[send_event, 1677785385.666398, 4031]
[internal_event, 1677785385.666513, 4032]
[internal_event, 1677785385.666542, 4033]
[send_event, 1677785385.666603, 4034]
[send_event, 1677785386.6707761, 4035]
[internal_event, 1677785386.671078, 4037]
[internal_event, 1677785386.671146, 4038]
[send_event, 1677785386.671377, 4039]
[send_event, 1677785387.677085, 4040]
[internal_event, 1677785387.677537, 4042]
[internal_event, 1677785387.67757, 4043]
[internal_event, 1677785387.6776, 4044]
[send_event, 1677785388.681422, 4046]
[internal_event, 1677785388.6823921, 4047]
[send_event, 1677785388.682507, 4049]
[internal_event, 1677785389.684489, 4050]
[internal_event, 1677785389.684672, 4051]
[send_event, 1677785389.6848052, 4053]
[internal_event, 1677785389.684835, 4054]
[internal_event, 1677785390.6868658, 4055]
[receive_event, 1677785390.6872509, 0, 8056]
[internal_event, 1677785390.687375, 8057]
[internal_event, 1677785390.687449, 8058]
[internal_event, 1677785390.687493, 8059]
[send_event, 1677785391.6901052, 8061]
[internal_event, 1677785391.690294, 8062]
[internal_event, 1677785391.690597, 8063]
[internal_event, 1677785391.690637, 8064]
[internal_event, 1677785392.691162, 8065]
[receive_event, 1677785392.6914282, 0, 8066]
[internal_event, 1677785392.691545, 8067]
[internal_event, 1677785392.691604, 8068]
[internal_event, 1677785392.691657, 8069]
[internal_event, 1677785393.6955872, 8070]
[internal_event, 1677786554.783416, 1]
[internal_event, 1677786554.785248, 2]
[internal_event, 1677786554.785293, 3]
[internal_event, 1677786554.7856572, 4]
[internal_event, 1677786555.790975, 5]
[internal_event, 1677786555.791549, 6]
[internal_event, 1677786555.791625, 7]
[internal_event, 1677786555.791682, 8]
[internal_event, 1677786555.7917361, 9]
[internal_event, 1677786556.79698, 10]
[internal_event, 1677786556.797429, 11]
[send_event, 1677786556.797666, 13]
[send_event, 1677786556.798356, 14]
[send_event, 1677786557.802498, 15]
[internal_event, 1677786557.802967, 17]
[send_event, 1677786557.803066, 18]
[send_event, 1677786557.803138, 19]
[internal_event, 1677786558.804468, 21]
[internal_event, 1677786558.804731, 22]
[send_event, 1677786558.805057, 24]
[send_event, 1677786559.809951, 25]
[send_event, 1677786559.810242, 26]
[internal_event, 1677786559.810364, 28]
[internal_event, 1677786559.81042, 29]
[internal_event, 1677786560.8157492, 30]
[internal_event, 1677786560.816162, 31]
[internal_event, 1677786560.8162298, 32]
[send_event, 1677786560.816643, 34]
[send_event, 1677786561.818298, 35]
[send_event, 1677786561.8186932, 36]
[receive_event, 1677786561.8189492, 1, 3033]
[receive_event, 1677786561.819009, 0, 3035]
[internal_event, 1677786561.8190951, 3036]
[internal_event, 1677786561.8191512, 3037]
[internal_event, 1677786561.819205, 3038]
[send_event, 1677786562.824091, 3040]
[send_event, 1677786562.824778, 3042]
[send_event, 1677786562.8249369, 3044]
[internal_event, 1677786563.8262389, 3045]
[receive_event, 1677786563.826665, 0, 6044]
[internal_event, 1677786564.830524, 6045]
[receive_event, 1677786564.830965, 0, 6046]
[internal_event, 1677786564.83113, 6047]
[internal_event, 1677786564.831189, 6048]
[internal_event, 1677786564.831245, 6049]
[internal_event, 1677786565.833088, 6050]
[internal_event, 1677786565.833386, 6051]
[internal_event, 1677786565.833445, 6052]
[send_event, 1677786565.834026, 6053]
[send_event, 1677786565.834107, 6054]
[send_event, 1677786566.836, 6056]
[send_event, 1677786566.836284, 6057]
[send_event, 1677786566.836447, 6059]
[internal_event, 1677789861.4869719, 1]
[send_event, 1677789862.494061, 2]
[send_event, 1677789862.494406, 3]
[send_event, 1677789864.499587, 6]
[send_event, 1677789865.5021682, 8]
[internal_event, 1677789865.502551, 9]
[send_event, 1677789866.503411, 11]
[receive_event, 1677789866.503787, 0, 12]
[internal_event, 1677789866.503884, 13]
[send_event, 1677789867.505313, 15]
[send_event, 1677789868.509676, 17]
[internal_event, 1677789869.514944, 18]
[internal_event, 1677789869.515337, 19]
[internal_event, 1677789870.515786, 20]
[send_event, 1677789870.5160189, 21]
[send_event, 1677789871.519712, 22]
[internal_event, 1677789872.520554, 24]
[internal_event, 1677789872.520658, 25]
[send_event, 1677789873.525891, 27]
[send_event, 1677789874.5312178, 29]
[internal_event, 1677789875.536416, 30]
[receive_event, 1677789875.536563, 0, 31]
[send_event, 1677789876.542059, 33]
[internal_event, 1677789877.54386, 34]
[send_event, 1677789878.5491672, 36]
[receive_event, 1677789878.549441, 0, 37]
[internal_event, 1677789879.553031, 38]
[receive_event, 1677789879.5531929, 0, 39]
[internal_event, 1677789880.558341, 40]
[receive_event, 1677789880.558492, 0, 42]
[send_event, 1677789881.562322, 44]
[send_event, 1677789882.5676239, 46]
[internal_event, 1677789882.5678, 47]
[send_event, 1677789883.5707688, 48]
[send_event, 1677789883.570904, 49]
[send_event, 1677789884.576895, 51]
[send_event, 1677789885.580391, 52]
[send_event, 1677789886.5860858, 55]
[internal_event, 1677789887.5912251, 56]
[receive_event, 1677789887.5913851, 0, 57]
[send_event, 1677789888.596748, 59]
[internal_event, 1677789889.60178, 60]
[internal_event, 1677790568.046628, 1]
[send_event, 1677790569.0514371, 3]
[send_event, 1677790570.0570052, 5]
[internal_event, 1677790571.059318, 6]
[internal_event, 1677790571.0599658, 7]
[internal_event, 1677790572.065265, 8]
[internal_event, 1677790572.065609, 9]
[send_event, 1677790573.0662148, 11]
[send_event, 1677790574.071118, 13]
[internal_event, 1677790575.072856, 14]
[receive_event, 1677790575.073169, 0, 32]
[send_event, 1677790576.076015, 34]
[internal_event, 1677790576.076389, 35]
[internal_event, 1677790577.080183, 36]
[internal_event, 1677790577.080574, 37]
[internal_event, 1677790578.084481, 38]
[receive_event, 1677790578.084773, 1, 49]
[receive_event, 1677790578.084827, 0, 52]
[send_event, 1677790579.0902421, 54]
[receive_event, 1677790579.090517, 0, 59]
[internal_event, 1677790580.09265, 60]
[receive_event, 1677790580.09292, 0, 63]
[internal_event, 1677790581.093366, 64]
[receive_event, 1677790581.093649, 0, 67]
[internal_event, 1677790582.098829, 68]
[receive_event, 1677790582.099036, 0, 74]
[internal_event, 1677790582.099127, 75]
[internal_event, 1677790583.103873, 76]
[receive_event, 1677790583.104049, 1, 81]
[receive_event, 1677790583.104099, 0, 84]
[send_event, 1677790584.106357, 86]
[receive_event, 1677790584.1066082, 0, 88]
[send_event, 1677790584.107094, 89]
[send_event, 1677790585.1089191, 90]
[receive_event, 1677790585.109249, 0, 95]
[send_event, 1677790586.114756, 97]
[receive_event, 1677790586.1149702, 0, 100]
[internal_event, 1677790586.115165, 101]
[internal_event, 1677790587.12029, 102]
[receive_event, 1677790587.120501, 0, 105]
[internal_event, 1677790588.120752, 106]
[receive_event, 1677790588.120945, 0, 109]
[internal_event, 1677790589.125847, 110]
[receive_event, 1677790589.126327, 0, 120]
[internal_event, 1677790589.126421, 121]
[internal_event, 1677790590.131294, 122]
[internal_event, 1677790590.1316102, 123]
[internal_event, 1677790591.133267, 124]
[internal_event, 1677790591.1335628, 125]
[internal_event, 1677790592.138688, 126]
[receive_event, 1677790592.1391091, 1, 134]
[receive_event, 1677790592.139186, 0, 137]
[send_event, 1677790593.144448, 138]
[send_event, 1677790593.14468, 139]
[receive_event, 1677790594.150133, 0, 142]
[send_event, 1677790595.155678, 144]
[receive_event, 1677790595.156113, 1, 152]
[receive_event, 1677790595.1561642, 0, 155]
[send_event, 1677790596.1614878, 156]
[send_event, 1677790596.16169, 157]
[receive_event, 1677790597.1664839, 0, 166]
[internal_event, 1677790597.166678, 167]
[internal_event, 1677790598.16753, 168]
[receive_event, 1677790598.1676722, 0, 174]
[internal_event, 1677790598.1677618, 175]
[internal_event, 1677790599.1718001, 176]
[internal_event, 1677790599.172011, 177]
[internal_event, 1677790600.17585, 178]
[receive_event, 1677790600.17599, 0, 186]
[internal_event, 1677790600.176079, 187]
