[receive_event, 1677785382.154187, 2, 1009]
[receive_event, 1677785382.155642, 1, 1015]
[receive_event, 1677785382.155689, 0, 1017]
[internal_event, 1677785383.160165, 1018]
[internal_event, 1677785383.160587, 1019]
[send_event, 1677785384.165688, 1021]
[send_event, 1677785385.1712892, 1023]
[receive_event, 1677785385.171552, 0, 5027]
[send_event, 1677785386.175767, 5029]
[receive_event, 1677785386.1770508, 0, 5035]
[internal_event, 1677785387.182444, 5036]
[receive_event, 1677785387.182802, 0, 5040]
[internal_event, 1677785387.182882, 5041]
[internal_event, 1677785388.183713, 5042]
[internal_event, 1677785388.184109, 5043]
[internal_event, 1677785389.187113, 5044]
[receive_event, 1677785389.1873002, 1, 5046]
[receive_event, 1677785389.187328, 0, 5049]
[send_event, 1677785390.190146, 5051]
[internal_event, 1677785391.193374, 5052]
[internal_event, 1677785391.193603, 5053]
[internal_event, 1677785392.194595, 5054]
[receive_event, 1677785392.1950562, 0, 9061]
[receive_event, 1677786557.6977139, 1, 1013]
[receive_event, 1677786557.699575, 0, 1015]
[internal_event, 1677786558.7049012, 1016]
[receive_event, 1677786558.705284, 0, 1019]
[internal_event, 1677786559.710576, 1020]
[receive_event, 1677786559.7108061, 0, 1024]
[internal_event, 1677786559.7109382, 1025]
[internal_event, 1677786559.710997, 1026]
[internal_event, 1677786559.7111459, 1027]
[internal_event, 1677786560.714541, 1028]
[receive_event, 1677786560.7147489, 0, 1029]
[internal_event, 1677786560.714964, 1030]
[internal_event, 1677786560.715033, 1031]
[send_event, 1677786561.719093, 1033]
[send_event, 1677786561.719347, 1035]
[internal_event, 1677786562.7206929, 1036]
[receive_event, 1677786562.7208939, 0, 1037]
[send_event, 1677786562.721138, 1039]
[internal_event, 1677786563.72516, 1040]
[receive_event, 1677786563.725429, 0, 4042]
[send_event, 1677786564.730345, 4044]
[send_event, 1677786564.730766, 4045]
[send_event, 1677786564.730877, 4046]
[internal_event, 1677786565.735612, 4048]
[internal_event, 1677786565.73579, 4049]
[internal_event, 1677786565.736062, 4050]
[internal_event, 1677786565.736196, 4051]
[send_event, 1677786566.741608, 4053]
[receive_event, 1677786566.7419589, 0, 7054]
[internal_event, 1677786566.7420568, 7055]
[internal_event, 1677786567.745164, 7056]
[receive_event, 1677789863.01822, 0, 3]
[send_event, 1677789864.025611, 5]
[receive_event, 1677789864.025999, 0, 6]
[internal_event, 1677789864.0261068, 7]
[internal_event, 1677789865.0268428, 8]
[internal_event, 1677789865.027296, 9]
[send_event, 1677789866.027893, 10]
[send_event, 1677789866.028208, 11]
[receive_event, 1677789867.0308852, 0, 13]
[send_event, 1677789868.0358322, 15]
[receive_event, 1677789868.03613, 0, 16]
[internal_event, 1677789868.036219, 17]
[internal_event, 1677789869.0376399, 18]
[internal_event, 1677789869.038034, 19]
[internal_event, 1677789870.0388281, 20]
[internal_event, 1677789870.0392761, 21]
[internal_event, 1677789871.0438988, 22]
[receive_event, 1677789871.0442472, 0, 23]
[internal_event, 1677789872.0474722, 24]
[internal_event, 1677789872.047921, 25]
[internal_event, 1677789873.052286, 26]
[send_event, 1677789874.054834, 28]
[internal_event, 1677789874.055279, 29]
[send_event, 1677789875.0606878, 30]
[send_event, 1677789875.061055, 31]
[receive_event, 1677789876.062905, 0, 33]
[send_event, 1677789877.0687768, 35]
[send_event, 1677789878.071309, 37]
[send_event, 1677789879.072974, 38]
[send_event, 1677789879.07326, 39]
[send_event, 1677789880.077766, 41]
[send_event, 1677789881.083355, 42]
[internal_event, 1677789882.0856519, 44]
[internal_event, 1677789882.086102, 45]
[internal_event, 1677789883.087552, 46]
[internal_event, 1677789883.087987, 47]
[internal_event, 1677789884.092117, 48]
[receive_event, 1677789884.0925162, 0, 49]
[internal_event, 1677789885.094025, 50]
[receive_event, 1677789885.094454, 0, 52]
[send_event, 1677789886.1000462, 54]
[internal_event, 1677789886.100529, 55]
[send_event, 1677789887.1057558, 57]
[send_event, 1677789888.111362, 59]
[internal_event, 1677789889.116875, 60]
[receive_event, 1677789889.1172748, 0, 61]
[internal_event, 1677790571.64694, 1]
[send_event, 1677790572.6511612, 3]
[internal_event, 1677790572.651597, 4]
[internal_event, 1677790572.651652, 5]
[send_event, 1677790573.65211, 7]
[internal_event, 1677790573.652459, 8]
[internal_event, 1677790574.657424, 9]
[receive_event, 1677790574.6578581, 0, 13]
[internal_event, 1677790574.6580071, 14]
[internal_event, 1677790575.659455, 15]
[internal_event, 1677790575.659908, 16]
[internal_event, 1677790575.659963, 17]
[internal_event, 1677790576.662648, 18]
[internal_event, 1677790576.663015, 19]
[internal_event, 1677790576.663073, 20]
[send_event, 1677790577.668118, 22]
[internal_event, 1677790577.668381, 23]
[internal_event, 1677790578.671755, 24]
[internal_event, 1677790578.672142, 25]
[internal_event, 1677790578.672197, 26]
[internal_event, 1677790579.676157, 27]
[internal_event, 1677790579.6765409, 28]
[send_event, 1677790580.678269, 30]
[internal_event, 1677790580.67873, 31]
[internal_event, 1677790580.678785, 32]
[internal_event, 1677790581.6839218, 33]
[internal_event, 1677790581.6840692, 34]
[send_event, 1677790581.684191, 35]
[send_event, 1677790582.6844952, 36]
[send_event, 1677790583.689968, 39]
[send_event, 1677790583.6907232, 40]
[send_event, 1677790583.690853, 41]
[receive_event, 1677790584.69275, 0, 90]
[send_event, 1677790584.693302, 91]
[send_event, 1677790584.693389, 92]
[internal_event, 1677790585.698946, 94]
[send_event, 1677790585.699608, 95]
[send_event, 1677790586.701215, 96]
[internal_event, 1677790586.701681, 98]
[send_event, 1677790587.707225, 100]
[internal_event, 1677790587.707563, 101]
[internal_event, 1677790588.712815, 102]
[send_event, 1677790588.713588, 104]
[send_event, 1677790589.717047, 105]
[send_event, 1677790589.71756, 106]
[internal_event, 1677790590.7199318, 108]
[internal_event, 1677790590.720408, 109]
[internal_event, 1677790590.720472, 110]
[internal_event, 1677790591.7219489, 111]
[internal_event, 1677790591.72234, 112]
[internal_event, 1677790591.722403, 113]
[internal_event, 1677790592.7255108, 114]
[internal_event, 1677790592.725895, 115]
[send_event, 1677790593.731025, 117]
[receive_event, 1677790593.731444, 0, 139]
[internal_event, 1677790593.731617, 140]
[internal_event, 1677790594.7341409, 141]
[receive_event, 1677790594.734522, 0, 144]
[internal_event, 1677790594.734719, 145]
[internal_event, 1677790594.7347999, 146]
[send_event, 1677790595.7401862, 148]
[internal_event, 1677790595.74036, 149]
[internal_event, 1677790596.7456279, 150]
[receive_event, 1677790596.746022, 0, 157]
[internal_event, 1677790596.7461739, 158]
[internal_event, 1677790597.7497332, 159]
[internal_event, 1677790597.750201, 160]
[send_event, 1677790597.750509, 161]
[send_event, 1677790598.755925, 162]
[send_event, 1677790598.7568269, 164]
[send_event, 1677790599.759514, 165]
[internal_event, 1677790599.7599602, 167]
[internal_event, 1677790600.763886, 168]
[send_event, 1677790600.764519, 170]
[internal_event, 1677790601.765402, 171]
