[receive_event, 1677785380.220453, 2, 1002]
[receive_event, 1677785380.2207758, 1, 1007]
[receive_event, 1677785380.220808, 0, 1009]
[internal_event, 1677785380.2208772, 1010]
[internal_event, 1677785380.22091, 1011]
[internal_event, 1677785381.225763, 1012]
[internal_event, 1677785381.226151, 1013]
[send_event, 1677785381.2264771, 1015]
[send_event, 1677785382.2316759, 1016]
[send_event, 1677785382.2318778, 1017]
[receive_event, 1677785382.231932, 0, 1019]
[internal_event, 1677785383.2373278, 1020]
[send_event, 1677785383.237535, 1022]
[send_event, 1677785384.241086, 1024]
[receive_event, 1677785384.241472, 0, 5021]
[internal_event, 1677785384.241685, 5022]
[internal_event, 1677785384.2417421, 5023]
[internal_event, 1677785385.244344, 5024]
[internal_event, 1677785385.245145, 5025]
[internal_event, 1677785385.2451992, 5026]
[internal_event, 1677785385.245234, 5027]
[internal_event, 1677785386.249942, 5028]
[receive_event, 1677785386.250135, 0, 5031]
[send_event, 1677785387.25459, 5033]
[receive_event, 1677785387.254754, 0, 5035]
[internal_event, 1677785388.257956, 5036]
[receive_event, 1677785388.258122, 0, 5040]
[internal_event, 1677785388.258189, 5041]
[internal_event, 1677785388.25822, 5042]
[internal_event, 1677785388.258247, 5043]
[internal_event, 1677785389.261309, 5044]
[internal_event, 1677785389.261507, 5045]
[internal_event, 1677785389.261537, 5046]
[internal_event, 1677785389.2615628, 5047]
[internal_event, 1677785390.26495, 5048]
[receive_event, 1677785390.265194, 0, 5053]
[internal_event, 1677785390.2652748, 5054]
[send_event, 1677785391.270581, 5056]
[internal_event, 1677785391.271016, 5057]
[send_event, 1677785391.271383, 5059]
[internal_event, 1677785392.274762, 5060]
[internal_event, 1677785392.275179, 5061]
[internal_event, 1677785392.2752461, 5062]
[send_event, 1677785392.27553, 5063]
[receive_event, 1677786559.686274, 1, 1015]
[receive_event, 1677786559.687874, 0, 1019]
[internal_event, 1677786560.693172, 1020]
[receive_event, 1677786560.6935802, 0, 1026]
[send_event, 1677786560.694006, 1028]
[send_event, 1677786560.694121, 1030]
[internal_event, 1677786560.694177, 1031]
[send_event, 1677786561.699718, 1033]
[receive_event, 1677786561.700091, 0, 1034]
[internal_event, 1677786561.7002082, 1035]
[internal_event, 1677786561.700626, 1036]
[internal_event, 1677786561.700696, 1037]
[send_event, 1677786562.706256, 1039]
[receive_event, 1677786562.7066472, 1, 1040]
[receive_event, 1677786562.706718, 0, 4040]
[internal_event, 1677786562.706819, 4041]
[send_event, 1677786562.706948, 4042]
[send_event, 1677786562.707049, 4043]
[receive_event, 1677786563.7123652, 0, 4045]
[internal_event, 1677786563.712824, 4046]
[internal_event, 1677786563.712887, 4047]
[internal_event, 1677786563.712943, 4048]
[internal_event, 1677786563.713002, 4049]
[internal_event, 1677786564.7167292, 4050]
[internal_event, 1677786564.717089, 4051]
[send_event, 1677786564.717348, 4052]
[send_event, 1677786564.7174022, 4053]
[internal_event, 1677786564.717435, 4055]
[send_event, 1677786565.7205682, 4056]
[send_event, 1677786565.720855, 4057]
[internal_event, 1677786565.720947, 4059]
[internal_event, 1677786565.721004, 4060]
[internal_event, 1677786565.7210612, 4061]
[internal_event, 1677786566.7262971, 4062]
[receive_event, 1677786566.726559, 0, 7054]
[internal_event, 1677786566.72671, 7055]
[receive_event, 1677789864.437556, 0, 3]
[internal_event, 1677789864.4395368, 4]
[send_event, 1677789864.439754, 5]
[send_event, 1677789865.4422898, 6]
[receive_event, 1677789865.442812, 0, 8]
[internal_event, 1677789865.442932, 9]
[send_event, 1677789865.443295, 11]
[internal_event, 1677789866.446021, 12]
[internal_event, 1677789866.446492, 13]
[internal_event, 1677789866.446557, 14]
[send_event, 1677789866.446916, 15]
[send_event, 1677789866.4470341, 16]
[send_event, 1677789867.452566, 19]
[internal_event, 1677789867.4529102, 20]
[internal_event, 1677789867.452984, 21]
[internal_event, 1677789867.4530401, 22]
[internal_event, 1677789867.453093, 23]
[internal_event, 1677789868.455814, 24]
[internal_event, 1677789868.456216, 25]
[internal_event, 1677789868.45628, 26]
[internal_event, 1677789868.456436, 27]
[send_event, 1677789868.456718, 29]
[internal_event, 1677789869.461951, 30]
[receive_event, 1677789869.462303, 0, 31]
[internal_event, 1677789869.462442, 32]
[send_event, 1677789869.4626439, 33]
[send_event, 1677789869.462713, 34]
[internal_event, 1677789870.467963, 36]
[send_event, 1677789870.468548, 38]
[internal_event, 1677789870.4686038, 39]
[internal_event, 1677789870.468651, 40]
[send_event, 1677789871.471334, 42]
[send_event, 1677789871.472047, 44]
[send_event, 1677789871.4721549, 45]
[send_event, 1677789871.472245, 46]
[send_event, 1677789872.477779, 49]
[receive_event, 1677789872.478119, 0, 50]
[internal_event, 1677789872.478225, 51]
[internal_event, 1677789872.4782772, 52]
[send_event, 1677789872.478423, 53]
[send_event, 1677789873.479168, 54]
[internal_event, 1677789873.4795961, 56]
[internal_event, 1677789873.4796531, 57]
[send_event, 1677789873.47986, 58]
[send_event, 1677789873.479989, 59]
[receive_event, 1677789874.485319, 0, 61]
[send_event, 1677789874.4858549, 63]
[send_event, 1677789874.485974, 64]
[send_event, 1677789874.486073, 65]
[internal_event, 1677789875.487367, 67]
[internal_event, 1677789875.487752, 68]
[internal_event, 1677789875.487824, 69]
[internal_event, 1677789875.487881, 70]
[internal_event, 1677789875.487935, 71]
[send_event, 1677789876.493518, 73]
[internal_event, 1677789876.493886, 74]
[send_event, 1677789876.494067, 75]
[send_event, 1677789876.4941812, 76]
[send_event, 1677789877.499766, 79]
[receive_event, 1677789877.500176, 0, 80]
[internal_event, 1677789877.5002902, 81]
[internal_event, 1677789877.500351, 82]
[send_event, 1677789878.502335, 84]
[receive_event, 1677789878.502615, 0, 85]
[internal_event, 1677789878.502719, 86]
[send_event, 1677789878.50294, 87]
[send_event, 1677789878.503031, 88]
[internal_event, 1677789879.508277, 90]
[send_event, 1677789879.508965, 91]
[send_event, 1677789879.509095, 92]
[send_event, 1677789879.5092638, 95]
[internal_event, 1677789880.5106401, 96]
[internal_event, 1677789880.5110998, 97]
[internal_event, 1677789880.511162, 98]
[internal_event, 1677789880.5112162, 99]
[internal_event, 1677789880.5112698, 100]
[internal_event, 1677789880.511323, 101]
[internal_event, 1677789881.511734, 102]
[receive_event, 1677789881.512162, 0, 103]
[send_event, 1677789881.512508, 104]
[send_event, 1677789881.5125902, 105]
[internal_event, 1677789881.512758, 107]
[send_event, 1677789882.518205, 108]
[send_event, 1677789882.5186481, 109]
[receive_event, 1677789882.518784, 0, 111]
[internal_event, 1677789882.5189161, 112]
[internal_event, 1677789882.519, 113]
[send_event, 1677789883.521303, 115]
[internal_event, 1677789883.521636, 116]
[internal_event, 1677789883.521694, 117]
[internal_event, 1677789883.521746, 118]
[send_event, 1677789884.527122, 120]
[receive_event, 1677789884.5275788, 0, 121]
[internal_event, 1677789884.527773, 122]
[internal_event, 1677789884.5278342, 123]
[send_event, 1677789884.528147, 124]
[send_event, 1677789884.52827, 125]
[internal_event, 1677789885.5336692, 127]
[internal_event, 1677789885.533986, 128]
[send_event, 1677789885.534305, 130]
[internal_event, 1677789885.534369, 131]
[internal_event, 1677789886.537198, 132]
[receive_event, 1677789886.5377789, 0, 133]
[internal_event, 1677789886.5380118, 134]
[send_event, 1677789886.5389729, 135]
[send_event, 1677789886.5391092, 136]
[send_event, 1677789887.544651, 139]
[receive_event, 1677789887.545045, 0, 140]
[internal_event, 1677789887.545148, 141]
[internal_event, 1677789887.545207, 142]
[send_event, 1677789887.545331, 143]
[send_event, 1677789888.54688, 144]
[send_event, 1677789888.547412, 146]
[send_event, 1677789888.54758, 147]
[internal_event, 1677789888.547654, 149]
[internal_event, 1677789889.552327, 150]
[internal_event, 1677789889.552771, 151]
[internal_event, 1677789889.552833, 152]
[internal_event, 1677789889.552886, 153]
[send_event, 1677789889.5534852, 155]
[internal_event, 1677789890.556484, 156]
[receive_event, 1677790570.029446, 0, 3]
[internal_event, 1677790570.031405, 4]
[internal_event, 1677790570.031488, 5]
[internal_event, 1677790571.0350752, 6]
[receive_event, 1677790571.035657, 0, 7]
[internal_event, 1677790571.035805, 8]
[internal_event, 1677790571.0358558, 9]
[internal_event, 1677790571.0359008, 10]
[internal_event, 1677790571.035946, 11]
[send_event, 1677790572.036553, 13]
[internal_event, 1677790572.036911, 14]
[internal_event, 1677790572.036978, 15]
[internal_event, 1677790572.0370262, 16]
[internal_event, 1677790572.037073, 17]
[internal_event, 1677790573.038541, 18]
[internal_event, 1677790573.0389261, 19]
[internal_event, 1677790573.0389829, 20]
[internal_event, 1677790573.0390332, 21]
[send_event, 1677790573.039422, 23]
[internal_event, 1677790574.0444381, 24]
[receive_event, 1677790574.044875, 0, 25]
[internal_event, 1677790574.045027, 26]
[internal_event, 1677790574.045077, 27]
[internal_event, 1677790574.045123, 28]
[internal_event, 1677790574.045171, 29]
[internal_event, 1677790575.048523, 30]
[send_event, 1677790575.049166, 32]
[internal_event, 1677790575.0492249, 33]
[internal_event, 1677790575.049273, 34]
[send_event, 1677790576.051062, 36]
[receive_event, 1677790576.0513961, 0, 37]
[internal_event, 1677790576.051601, 38]
[internal_event, 1677790576.0516741, 39]
[internal_event, 1677790576.051727, 40]
[internal_event, 1677790576.0517771, 41]
[send_event, 1677790577.057334, 43]
[send_event, 1677790577.057775, 45]
[internal_event, 1677790577.057838, 46]
[internal_event, 1677790577.0578911, 47]
[send_event, 1677790578.061145, 48]
[send_event, 1677790578.061561, 49]
[send_event, 1677790578.061789, 51]
[send_event, 1677790578.061892, 52]
[internal_event, 1677790579.067113, 54]
[receive_event, 1677790579.06748, 0, 55]
[internal_event, 1677790579.067617, 56]
[internal_event, 1677790579.0676649, 57]
[send_event, 1677790579.06798, 58]
[send_event, 1677790579.068079, 59]
[internal_event, 1677790580.070281, 61]
[send_event, 1677790580.0708969, 62]
[send_event, 1677790580.071009, 63]
[internal_event, 1677790580.0710778, 65]
[send_event, 1677790581.076257, 66]
[send_event, 1677790581.076586, 67]
[internal_event, 1677790581.076691, 69]
[internal_event, 1677790581.076821, 70]
[send_event, 1677790582.08208, 72]
[send_event, 1677790582.082283, 73]
[send_event, 1677790582.082315, 74]
[internal_event, 1677790582.082344, 76]
[internal_event, 1677790582.082368, 77]
[internal_event, 1677790583.083223, 78]
[internal_event, 1677790583.0836911, 79]
[send_event, 1677790583.08403, 80]
[send_event, 1677790583.084136, 81]
[send_event, 1677790584.086688, 84]
[receive_event, 1677790584.087094, 0, 86]
[send_event, 1677790584.0878341, 87]
[send_event, 1677790584.0884328, 88]
[internal_event, 1677790585.092733, 90]
[internal_event, 1677790585.0931149, 91]
[internal_event, 1677790585.093175, 92]
[internal_event, 1677790585.093222, 93]
[send_event, 1677790585.093451, 95]
[internal_event, 1677790586.098645, 96]
[receive_event, 1677790586.098788, 0, 97]
[internal_event, 1677790586.0989041, 98]
[send_event, 1677790586.099234, 100]
[send_event, 1677790587.100993, 102]
[receive_event, 1677790587.101321, 0, 103]
[send_event, 1677790587.101611, 104]
[send_event, 1677790587.101674, 105]
[internal_event, 1677790587.101737, 107]
[send_event, 1677790588.1073039, 109]
[internal_event, 1677790588.107575, 110]
[internal_event, 1677790588.107629, 111]
[send_event, 1677790588.108255, 113]
[internal_event, 1677790589.1114209, 114]
[internal_event, 1677790589.111899, 115]
[internal_event, 1677790589.111933, 116]
[internal_event, 1677790589.1119628, 117]
[internal_event, 1677790589.111989, 118]
[send_event, 1677790590.113665, 120]
[internal_event, 1677790590.1142888, 121]
[internal_event, 1677790590.1144269, 122]
[internal_event, 1677790590.114474, 123]
[internal_event, 1677790590.114739, 124]
[internal_event, 1677790590.1148002, 125]
[internal_event, 1677790591.116435, 126]
[internal_event, 1677790591.116841, 127]
[internal_event, 1677790591.1169019, 128]
[send_event, 1677790591.1170611, 130]
[internal_event, 1677790591.117118, 131]
[internal_event, 1677790592.121152, 132]
[send_event, 1677790592.122431, 134]
[internal_event, 1677790592.122527, 135]
[send_event, 1677790592.122633, 136]
[send_event, 1677790592.122824, 137]
[internal_event, 1677790593.126195, 139]
[internal_event, 1677790593.126462, 140]
[send_event, 1677790593.126761, 142]
[internal_event, 1677790593.126813, 143]
[internal_event, 1677790594.132007, 144]
[receive_event, 1677790594.132384, 0, 145]
[send_event, 1677790594.132813, 147]
[send_event, 1677790594.132919, 149]
[internal_event, 1677790595.138122, 150]
[send_event, 1677790595.1397529, 151]
[send_event, 1677790595.1401448, 152]
[send_event, 1677790595.1402502, 154]
[send_event, 1677790595.140316, 155]
[internal_event, 1677790596.144347, 157]
[internal_event, 1677790596.144608, 158]
[internal_event, 1677790596.144659, 159]
[internal_event, 1677790596.144704, 160]
[internal_event, 1677790596.144747, 161]
[internal_event, 1677790597.149984, 162]
[receive_event, 1677790597.1503758, 0, 163]
[internal_event, 1677790597.1505249, 164]
[send_event, 1677790597.150839, 166]
[internal_event, 1677790597.150889, 167]
[internal_event, 1677790598.156119, 168]
[internal_event, 1677790598.156557, 169]
[internal_event, 1677790598.156613, 170]
[internal_event, 1677790598.156661, 171]
[internal_event, 1677790598.1567051, 172]
[send_event, 1677790599.159904, 174]
[internal_event, 1677790599.160337, 175]
[internal_event, 1677790599.160392, 176]
[internal_event, 1677790599.160438, 177]
[internal_event, 1677790599.160482, 178]
[internal_event, 1677790599.160529, 179]
[internal_event, 1677790600.163858, 180]
[internal_event, 1677790600.164306, 181]
[internal_event, 1677790600.164363, 182]
[internal_event, 1677790600.164408, 183]
[internal_event, 1677790600.164452, 184]
[send_event, 1677790600.164795, 185]
[send_event, 1677790601.170154, 186]
